<?xml version="1.0" encoding="UTF-8"?>
<!-- Generated by org.testng.reporters.JUnitXMLReporter -->
<testsuite ignored="0" hostname="DESKTOP-BR0LSTG" failures="0" tests="5" name="Default test" time="10.476" errors="0" timestamp="2020-10-19T12:42:14 CDT">
  <testcase classname="com.seleniumscripts.DataProviderTestNG" name="calculateInterest" time="0.513"/>
  <testcase classname="com.seleniumscripts.DataProviderTestNG" name="calculateInterest" time="0.238"/>
  <testcase classname="com.seleniumscripts.DataProviderTestNG" name="calculateInterest" time="0.207"/>
  <testcase classname="com.seleniumscripts.DataProviderTestNG" name="calculateInterest" time="0.212"/>
  <testcase classname="com.seleniumscripts.DataProviderTestNG" name="calculateInterest" time="0.22"/>
</testsuite> <!-- Default test -->
