<?xml version="1.0" encoding="UTF-8"?>
<testng-results retried="2" ignored="4" total="13" passed="6" failed="1" skipped="0">
  <reporter-output>
    <line>
      <![CDATA[<a href='C:\Users\neetu\git\neetu\ProjectWithTestNG\target\surefire-reports\failure_screenhots\VerifyEmptyCartMessage_19_10_20_12_57_30.png'><img src='C:\Users\neetu\git\neetu\ProjectWithTestNG\target\surefire-reports\failure_screenhots\VerifyEmptyCartMessage_19_10_20_12_57_30.png ' height='100' width='100'/> <a/>]]>
    </line>
  </reporter-output>
  <suite started-at="2020-10-19T12:57:07 CDT" name="Suite" finished-at="2020-10-19T12:57:57 CDT" duration-ms="49968">
    <groups>
      <group name="regression">
        <method signature="AddItemTocart.addingItemTocartThroughCartButton()[pri:6, instance:com.TestCases.AddItemTocart@609cd4d8]" name="addingItemTocartThroughCartButton" class="com.TestCases.AddItemTocart"/>
        <method signature="AddItemTocart.addingItemTocartThroughQuickView()[pri:5, instance:com.TestCases.AddItemTocart@609cd4d8]" name="addingItemTocartThroughQuickView" class="com.TestCases.AddItemTocart"/>
        <method signature="SignIn.CreateAccountForNewUser()[pri:3, instance:com.TestCases.SignIn@7d8704ef]" name="CreateAccountForNewUser" class="com.TestCases.SignIn"/>
        <method signature="SummaryCartPage.VerifyEmptyCartMessage()[pri:4, instance:com.TestCases.SummaryCartPage@17f7cd29]" name="VerifyEmptyCartMessage" class="com.TestCases.SummaryCartPage"/>
        <method signature="SummaryCartPage.deleteItemFromCart()[pri:7, instance:com.TestCases.SummaryCartPage@17f7cd29]" name="deleteItemFromCart" class="com.TestCases.SummaryCartPage"/>
      </group> <!-- regression -->
      <group name="smoke">
        <method signature="AddItemTocart.addingItemTocartThroughCartButton()[pri:6, instance:com.TestCases.AddItemTocart@609cd4d8]" name="addingItemTocartThroughCartButton" class="com.TestCases.AddItemTocart"/>
        <method signature="AddItemTocart.addingItemTocartThroughQuickView()[pri:5, instance:com.TestCases.AddItemTocart@609cd4d8]" name="addingItemTocartThroughQuickView" class="com.TestCases.AddItemTocart"/>
        <method signature="SignIn.verifyAccountAlreadyExist()[pri:2, instance:com.TestCases.SignIn@7d8704ef]" name="verifyAccountAlreadyExist" class="com.TestCases.SignIn"/>
        <method signature="SignIn.verifyClickingCreateAccountwithblankEmailid()[pri:1, instance:com.TestCases.SignIn@7d8704ef]" name="verifyClickingCreateAccountwithblankEmailid" class="com.TestCases.SignIn"/>
      </group> <!-- smoke -->
    </groups>
    <test started-at="2020-10-19T12:57:07 CDT" name="Automation Practice" finished-at="2020-10-19T12:57:57 CDT" duration-ms="49968">
      <class name="com.TestCases.SignIn">
        <test-method is-config="true" signature="signupPage()[pri:0, instance:com.TestCases.SignIn@7d8704ef]" started-at="2020-10-19T12:57:46 CDT" name="signupPage" finished-at="2020-10-19T12:57:49 CDT" duration-ms="2446" status="PASS">
          <reporter-output>
          </reporter-output>
        </test-method> <!-- signupPage -->
        <test-method signature="verifyClickingCreateAccountwithblankEmailid()[pri:1, instance:com.TestCases.SignIn@7d8704ef]" started-at="2020-10-19T12:57:49 CDT" name="verifyClickingCreateAccountwithblankEmailid" finished-at="2020-10-19T12:57:50 CDT" duration-ms="1260" status="PASS">
          <reporter-output>
          </reporter-output>
        </test-method> <!-- verifyClickingCreateAccountwithblankEmailid -->
        <test-method signature="verifyAccountAlreadyExist()[pri:2, instance:com.TestCases.SignIn@7d8704ef]" started-at="2020-10-19T12:57:50 CDT" name="verifyAccountAlreadyExist" finished-at="2020-10-19T12:57:52 CDT" duration-ms="1923" status="PASS">
          <reporter-output>
          </reporter-output>
        </test-method> <!-- verifyAccountAlreadyExist -->
        <test-method signature="CreateAccountForNewUser()[pri:3, instance:com.TestCases.SignIn@7d8704ef]" started-at="2020-10-19T12:57:52 CDT" name="CreateAccountForNewUser" finished-at="2020-10-19T12:57:57 CDT" duration-ms="4927" status="PASS">
          <reporter-output>
          </reporter-output>
        </test-method> <!-- CreateAccountForNewUser -->
        <test-method is-config="true" signature="closeExcel()[pri:0, instance:com.TestCases.SignIn@7d8704ef]" started-at="2020-10-19T12:57:57 CDT" name="closeExcel" finished-at="2020-10-19T12:57:57 CDT" duration-ms="1" status="PASS">
          <reporter-output>
          </reporter-output>
        </test-method> <!-- closeExcel -->
      </class> <!-- com.TestCases.SignIn -->
      <class name="com.TestCases.AddItemTocart">
        <test-method is-config="true" signature="launchBrowser()[pri:0, instance:com.TestCases.AddItemTocart@609cd4d8]" started-at="2020-10-19T12:57:07 CDT" name="launchBrowser" finished-at="2020-10-19T12:57:15 CDT" duration-ms="7352" status="PASS">
          <reporter-output>
          </reporter-output>
        </test-method> <!-- launchBrowser -->
        <test-method is-config="true" signature="homepage()[pri:0, instance:com.TestCases.AddItemTocart@609cd4d8]" started-at="2020-10-19T12:57:15 CDT" name="homepage" finished-at="2020-10-19T12:57:16 CDT" duration-ms="1385" status="PASS">
          <reporter-output>
          </reporter-output>
        </test-method> <!-- homepage -->
        <test-method signature="addingItemTocartThroughQuickView()[pri:5, instance:com.TestCases.AddItemTocart@609cd4d8]" started-at="2020-10-19T12:57:16 CDT" name="addingItemTocartThroughQuickView" finished-at="2020-10-19T12:57:22 CDT" duration-ms="5374" status="PASS">
          <reporter-output>
          </reporter-output>
        </test-method> <!-- addingItemTocartThroughQuickView -->
        <test-method signature="addingItemTocartThroughCartButton()[pri:6, instance:com.TestCases.AddItemTocart@609cd4d8]" started-at="2020-10-19T12:57:22 CDT" name="addingItemTocartThroughCartButton" finished-at="2020-10-19T12:57:25 CDT" duration-ms="3278" status="PASS">
          <reporter-output>
          </reporter-output>
        </test-method> <!-- addingItemTocartThroughCartButton -->
        <test-method is-config="true" signature="closeApp()[pri:0, instance:com.TestCases.AddItemTocart@609cd4d8]" started-at="2020-10-19T12:57:57 CDT" name="closeApp" finished-at="2020-10-19T12:57:57 CDT" duration-ms="817" status="PASS">
          <reporter-output>
          </reporter-output>
        </test-method> <!-- closeApp -->
      </class> <!-- com.TestCases.AddItemTocart -->
      <class name="com.TestCases.SummaryCartPage">
        <test-method is-config="true" signature="homepage()[pri:0, instance:com.TestCases.SummaryCartPage@17f7cd29]" started-at="2020-10-19T12:57:25 CDT" name="homepage" finished-at="2020-10-19T12:57:27 CDT" duration-ms="2096" status="PASS">
          <reporter-output>
          </reporter-output>
        </test-method> <!-- homepage -->
        <test-method retried="true" signature="VerifyEmptyCartMessage()[pri:4, instance:com.TestCases.SummaryCartPage@17f7cd29]" started-at="2020-10-19T12:57:27 CDT" name="VerifyEmptyCartMessage" finished-at="2020-10-19T12:57:28 CDT" duration-ms="1133" status="SKIP">
          <exception class="java.lang.AssertionError">
            <message>
              <![CDATA[expected [true] but found [false]]]>
            </message>
            <full-stacktrace>
              <![CDATA[java.lang.AssertionError: expected [true] but found [false]
at org.testng.Assert.fail(Assert.java:99)
at org.testng.Assert.failNotEquals(Assert.java:1037)
at org.testng.Assert.assertTrue(Assert.java:45)
at org.testng.Assert.assertTrue(Assert.java:55)
at com.TestCases.SummaryCartPage.VerifyEmptyCartMessage(SummaryCartPage.java:26)
at java.base/jdk.internal.reflect.NativeMethodAccessorImpl.invoke0(Native Method)
at java.base/jdk.internal.reflect.NativeMethodAccessorImpl.invoke(NativeMethodAccessorImpl.java:62)
at java.base/jdk.internal.reflect.DelegatingMethodAccessorImpl.invoke(DelegatingMethodAccessorImpl.java:43)
at java.base/java.lang.reflect.Method.invoke(Method.java:564)
at org.testng.internal.MethodInvocationHelper.invokeMethod(MethodInvocationHelper.java:132)
at org.testng.internal.TestInvoker.invokeMethod(TestInvoker.java:599)
at org.testng.internal.TestInvoker.invokeTestMethod(TestInvoker.java:174)
at org.testng.internal.MethodRunner.runInSequence(MethodRunner.java:46)
at org.testng.internal.TestInvoker$MethodInvocationAgent.invoke(TestInvoker.java:822)
at org.testng.internal.TestInvoker.invokeTestMethods(TestInvoker.java:147)
at org.testng.internal.TestMethodWorker.invokeTestMethods(TestMethodWorker.java:146)
at org.testng.internal.TestMethodWorker.run(TestMethodWorker.java:128)
at java.base/java.util.ArrayList.forEach(ArrayList.java:1511)
at org.testng.TestRunner.privateRun(TestRunner.java:764)
at org.testng.TestRunner.run(TestRunner.java:585)
at org.testng.SuiteRunner.runTest(SuiteRunner.java:384)
at org.testng.SuiteRunner.runSequentially(SuiteRunner.java:378)
at org.testng.SuiteRunner.privateRun(SuiteRunner.java:337)
at org.testng.SuiteRunner.run(SuiteRunner.java:286)
at org.testng.SuiteRunnerWorker.runSuite(SuiteRunnerWorker.java:53)
at org.testng.SuiteRunnerWorker.run(SuiteRunnerWorker.java:96)
at org.testng.TestNG.runSuitesSequentially(TestNG.java:1218)
at org.testng.TestNG.runSuitesLocally(TestNG.java:1140)
at org.testng.TestNG.runSuites(TestNG.java:1069)
at org.testng.TestNG.run(TestNG.java:1037)
at org.testng.remote.AbstractRemoteTestNG.run(AbstractRemoteTestNG.java:115)
at org.testng.remote.RemoteTestNG.initAndRun(RemoteTestNG.java:251)
at org.testng.remote.RemoteTestNG.main(RemoteTestNG.java:77)
]]>
            </full-stacktrace>
          </exception> <!-- java.lang.AssertionError -->
          <reporter-output>
          </reporter-output>
        </test-method> <!-- VerifyEmptyCartMessage -->
        <test-method retried="true" signature="VerifyEmptyCartMessage()[pri:4, instance:com.TestCases.SummaryCartPage@17f7cd29]" started-at="2020-10-19T12:57:28 CDT" name="VerifyEmptyCartMessage" finished-at="2020-10-19T12:57:29 CDT" duration-ms="1264" status="SKIP">
          <exception class="java.lang.AssertionError">
            <message>
              <![CDATA[expected [true] but found [false]]]>
            </message>
            <full-stacktrace>
              <![CDATA[java.lang.AssertionError: expected [true] but found [false]
at org.testng.Assert.fail(Assert.java:99)
at org.testng.Assert.failNotEquals(Assert.java:1037)
at org.testng.Assert.assertTrue(Assert.java:45)
at org.testng.Assert.assertTrue(Assert.java:55)
at com.TestCases.SummaryCartPage.VerifyEmptyCartMessage(SummaryCartPage.java:26)
at java.base/jdk.internal.reflect.NativeMethodAccessorImpl.invoke0(Native Method)
at java.base/jdk.internal.reflect.NativeMethodAccessorImpl.invoke(NativeMethodAccessorImpl.java:62)
at java.base/jdk.internal.reflect.DelegatingMethodAccessorImpl.invoke(DelegatingMethodAccessorImpl.java:43)
at java.base/java.lang.reflect.Method.invoke(Method.java:564)
at org.testng.internal.MethodInvocationHelper.invokeMethod(MethodInvocationHelper.java:132)
at org.testng.internal.TestInvoker.invokeMethod(TestInvoker.java:599)
at org.testng.internal.TestInvoker.retryFailed(TestInvoker.java:214)
at org.testng.internal.MethodRunner.runInSequence(MethodRunner.java:58)
at org.testng.internal.TestInvoker$MethodInvocationAgent.invoke(TestInvoker.java:822)
at org.testng.internal.TestInvoker.invokeTestMethods(TestInvoker.java:147)
at org.testng.internal.TestMethodWorker.invokeTestMethods(TestMethodWorker.java:146)
at org.testng.internal.TestMethodWorker.run(TestMethodWorker.java:128)
at java.base/java.util.ArrayList.forEach(ArrayList.java:1511)
at org.testng.TestRunner.privateRun(TestRunner.java:764)
at org.testng.TestRunner.run(TestRunner.java:585)
at org.testng.SuiteRunner.runTest(SuiteRunner.java:384)
at org.testng.SuiteRunner.runSequentially(SuiteRunner.java:378)
at org.testng.SuiteRunner.privateRun(SuiteRunner.java:337)
at org.testng.SuiteRunner.run(SuiteRunner.java:286)
at org.testng.SuiteRunnerWorker.runSuite(SuiteRunnerWorker.java:53)
at org.testng.SuiteRunnerWorker.run(SuiteRunnerWorker.java:96)
at org.testng.TestNG.runSuitesSequentially(TestNG.java:1218)
at org.testng.TestNG.runSuitesLocally(TestNG.java:1140)
at org.testng.TestNG.runSuites(TestNG.java:1069)
at org.testng.TestNG.run(TestNG.java:1037)
at org.testng.remote.AbstractRemoteTestNG.run(AbstractRemoteTestNG.java:115)
at org.testng.remote.RemoteTestNG.initAndRun(RemoteTestNG.java:251)
at org.testng.remote.RemoteTestNG.main(RemoteTestNG.java:77)
]]>
            </full-stacktrace>
          </exception> <!-- java.lang.AssertionError -->
          <reporter-output>
          </reporter-output>
        </test-method> <!-- VerifyEmptyCartMessage -->
        <test-method signature="VerifyEmptyCartMessage()[pri:4, instance:com.TestCases.SummaryCartPage@17f7cd29]" started-at="2020-10-19T12:57:29 CDT" name="VerifyEmptyCartMessage" finished-at="2020-10-19T12:57:30 CDT" duration-ms="800" status="FAIL">
          <exception class="java.lang.AssertionError">
            <message>
              <![CDATA[expected [true] but found [false]]]>
            </message>
            <full-stacktrace>
              <![CDATA[java.lang.AssertionError: expected [true] but found [false]
at org.testng.Assert.fail(Assert.java:99)
at org.testng.Assert.failNotEquals(Assert.java:1037)
at org.testng.Assert.assertTrue(Assert.java:45)
at org.testng.Assert.assertTrue(Assert.java:55)
at com.TestCases.SummaryCartPage.VerifyEmptyCartMessage(SummaryCartPage.java:26)
at java.base/jdk.internal.reflect.NativeMethodAccessorImpl.invoke0(Native Method)
at java.base/jdk.internal.reflect.NativeMethodAccessorImpl.invoke(NativeMethodAccessorImpl.java:62)
at java.base/jdk.internal.reflect.DelegatingMethodAccessorImpl.invoke(DelegatingMethodAccessorImpl.java:43)
at java.base/java.lang.reflect.Method.invoke(Method.java:564)
at org.testng.internal.MethodInvocationHelper.invokeMethod(MethodInvocationHelper.java:132)
at org.testng.internal.TestInvoker.invokeMethod(TestInvoker.java:599)
at org.testng.internal.TestInvoker.retryFailed(TestInvoker.java:214)
at org.testng.internal.MethodRunner.runInSequence(MethodRunner.java:58)
at org.testng.internal.TestInvoker$MethodInvocationAgent.invoke(TestInvoker.java:822)
at org.testng.internal.TestInvoker.invokeTestMethods(TestInvoker.java:147)
at org.testng.internal.TestMethodWorker.invokeTestMethods(TestMethodWorker.java:146)
at org.testng.internal.TestMethodWorker.run(TestMethodWorker.java:128)
at java.base/java.util.ArrayList.forEach(ArrayList.java:1511)
at org.testng.TestRunner.privateRun(TestRunner.java:764)
at org.testng.TestRunner.run(TestRunner.java:585)
at org.testng.SuiteRunner.runTest(SuiteRunner.java:384)
at org.testng.SuiteRunner.runSequentially(SuiteRunner.java:378)
at org.testng.SuiteRunner.privateRun(SuiteRunner.java:337)
at org.testng.SuiteRunner.run(SuiteRunner.java:286)
at org.testng.SuiteRunnerWorker.runSuite(SuiteRunnerWorker.java:53)
at org.testng.SuiteRunnerWorker.run(SuiteRunnerWorker.java:96)
at org.testng.TestNG.runSuitesSequentially(TestNG.java:1218)
at org.testng.TestNG.runSuitesLocally(TestNG.java:1140)
at org.testng.TestNG.runSuites(TestNG.java:1069)
at org.testng.TestNG.run(TestNG.java:1037)
at org.testng.remote.AbstractRemoteTestNG.run(AbstractRemoteTestNG.java:115)
at org.testng.remote.RemoteTestNG.initAndRun(RemoteTestNG.java:251)
at org.testng.remote.RemoteTestNG.main(RemoteTestNG.java:77)
]]>
            </full-stacktrace>
          </exception> <!-- java.lang.AssertionError -->
          <reporter-output>
            <line>
              <![CDATA[<a href='C:\Users\neetu\git\neetu\ProjectWithTestNG\target\surefire-reports\failure_screenhots\VerifyEmptyCartMessage_19_10_20_12_57_30.png'><img src='C:\Users\neetu\git\neetu\ProjectWithTestNG\target\surefire-reports\failure_screenhots\VerifyEmptyCartMessage_19_10_20_12_57_30.png ' height='100' width='100'/> <a/>]]>
            </line>
          </reporter-output>
        </test-method> <!-- VerifyEmptyCartMessage -->
        <test-method signature="deleteItemFromCart()[pri:7, instance:com.TestCases.SummaryCartPage@17f7cd29]" started-at="2020-10-19T12:57:31 CDT" name="deleteItemFromCart" finished-at="2020-10-19T12:57:46 CDT" duration-ms="15438" status="PASS">
          <reporter-output>
          </reporter-output>
        </test-method> <!-- deleteItemFromCart -->
      </class> <!-- com.TestCases.SummaryCartPage -->
    </test> <!-- Automation Practice -->
  </suite> <!-- Suite -->
</testng-results>
