<?xml version="1.0" encoding="UTF-8"?>
<!-- Generated by org.testng.reporters.JUnitXMLReporter -->
<testsuite ignored="4" hostname="DESKTOP-BR0LSTG" failures="1" tests="9" name="Test" time="56.959" errors="0" timestamp="2020-10-16T12:08:29 CDT">
  <testcase classname="com.TestCases.AddItemTocart" name="addingItemTocartThroughQuickView" time="4.945"/>
  <testcase classname="com.TestCases.AddItemTocart" name="addingItemTocartThroughCartButton" time="3.292"/>
  <testcase classname="com.TestCases.SummaryCartPage" name="VerifyEmptyCartMessage" time="1.622">
    <skipped/>
  </testcase> <!-- VerifyEmptyCartMessage -->
  <testcase classname="com.TestCases.SummaryCartPage" name="VerifyEmptyCartMessage" time="8.805">
    <skipped/>
  </testcase> <!-- VerifyEmptyCartMessage -->
  <testcase classname="com.TestCases.SummaryCartPage" name="VerifyEmptyCartMessage" time="0.898">
    <failure type="java.lang.AssertionError" message="expected [Your shopping cart is empty.] but found []">
      <![CDATA[java.lang.AssertionError: expected [Your shopping cart is empty.] but found []
at com.TestCases.SummaryCartPage.VerifyEmptyCartMessage(SummaryCartPage.java:30)
at java.base/java.util.ArrayList.forEach(ArrayList.java:1511)
... Removed 33 stack frames]]>
    </failure>
  </testcase> <!-- VerifyEmptyCartMessage -->
  <testcase classname="com.TestCases.SummaryCartPage" name="deleteItemFromCart" time="12.906"/>
  <testcase classname="com.TestCases.SignIn" name="verifyClickingCreateAccountwithblankEmailid" time="0.614"/>
  <testcase classname="com.TestCases.SignIn" name="verifyAccountAlreadyExist" time="1.117"/>
  <testcase classname="com.TestCases.SignIn" name="CreateAccountForNewUser" time="4.634"/>
  <testcase classname="com.Reusable.Reusable" name="@AfterTest closeBrowser" time="0.0">
    <ignored/>
  </testcase> <!-- @AfterTest closeBrowser -->
  <testcase classname="com.Reusable.Reusable" name="@AfterTest closeBrowser" time="0.0">
    <ignored/>
  </testcase> <!-- @AfterTest closeBrowser -->
  <testcase classname="com.Reusable.Reusable" name="@BeforeTest launchBrowser" time="0.0">
    <ignored/>
  </testcase> <!-- @BeforeTest launchBrowser -->
  <testcase classname="com.Reusable.Reusable" name="@BeforeTest launchBrowser" time="0.0">
    <ignored/>
  </testcase> <!-- @BeforeTest launchBrowser -->
</testsuite> <!-- Test -->
